<?xml version="1.0" encoding="UTF-8" ?>
<testsuite tests="10" failures="0" name="de.cweyermann.sspes.api.SspesAPITest" time="0.494" errors="0" skipped="0">
  <properties>
[...]
</properties>
  <testcase classname="de.cweyermann.sspes.api.SspesAPITest" name="youUnfairAutomaticGoesToOpponent" time="0.375"/>
  <testcase classname="de.cweyermann.sspes.api.SspesAPITest" name="getAllOpponentsMapsToString" time="0.109"/>
  <testcase classname="de.cweyermann.sspes.api.SspesAPITest" name="listofWinsAgainstPapier" time="0.001"/>
  <testcase classname="de.cweyermann.sspes.api.SspesAPITest" name="doesSteinWinAgainstPapier" time="0"/>
  <testcase classname="de.cweyermann.sspes.api.SspesAPITest" name="unrankedWorks" time="0.008"/>
  <testcase classname="de.cweyermann.sspes.api.SspesAPITest" name="playAgainstThrowsExceptionIfChoiceInvalid" time="0"/>
  <testcase classname="de.cweyermann.sspes.api.SspesAPITest" name="doesPapierWinAgainstStein" time="0"/>
  <testcase classname="de.cweyermann.sspes.api.SspesAPITest" name="unfairAutomaticGoesToYou" time="0"/>
  <testcase classname="de.cweyermann.sspes.api.SspesAPITest" name="unrankedAgainstRandomWorks" time="0"/>
  <testcase classname="de.cweyermann.sspes.api.SspesAPITest" name="playAgainstThrowsExceptionIfOpponentInvalid" time="0.001"/>
</testsuite>